<?xml version="1.0" encoding="UTF-8"?>
<!-- Generated by org.testng.reporters.JUnitXMLReporter -->
<testsuite ignored="2" hostname="Venketa" failures="0" tests="2" name="Test" time="0.062" errors="0" timestamp="11 Feb 2018 08:17:01 GMT">
  <testcase classname="MavenFirst.Maven.First" name="Test" time="0.015"/>
  <testcase classname="MavenFirst.Maven.Second" name="Test" time="0.0"/>
  <testcase classname="MavenFirst.Maven.Second" name="Test1" time="0.0">
    <ignored/>
  </testcase> <!-- Test1 -->
  <testcase classname="MavenFirst.Maven.First" name="Test1" time="0.0">
    <ignored/>
  </testcase> <!-- Test1 -->
</testsuite> <!-- Test -->
