<?xml version="1.0" encoding="UTF-8"?>
<testng-results ignored="2" total="4" passed="2" failed="0" skipped="0">
  <reporter-output>
  </reporter-output>
  <suite started-at="2018-02-11T08:17:01Z" name="Suite" finished-at="2018-02-11T08:17:01Z" duration-ms="62">
    <groups>
    </groups>
    <test started-at="2018-02-11T08:17:01Z" name="Test" finished-at="2018-02-11T08:17:01Z" duration-ms="62">
      <class name="MavenFirst.Maven.Second">
        <test-method signature="Test()[pri:0, instance:MavenFirst.Maven.Second@2f953efd]" started-at="2018-02-11T13:47:01Z" name="Test" finished-at="2018-02-11T13:47:01Z" duration-ms="0" status="PASS">
          <reporter-output>
          </reporter-output>
        </test-method> <!-- Test -->
      </class> <!-- MavenFirst.Maven.Second -->
      <class name="MavenFirst.Maven.First">
        <test-method signature="Test()[pri:0, instance:MavenFirst.Maven.First@6cd24612]" started-at="2018-02-11T13:47:01Z" name="Test" finished-at="2018-02-11T13:47:01Z" duration-ms="15" status="PASS">
          <reporter-output>
          </reporter-output>
        </test-method> <!-- Test -->
      </class> <!-- MavenFirst.Maven.First -->
    </test> <!-- Test -->
  </suite> <!-- Suite -->
</testng-results>
