<?xml version="1.0" encoding="UTF-8"?>
<testng-results skipped="0" failed="0" total="2" passed="2">
  <reporter-output>
  </reporter-output>
  <suite name="Suite" duration-ms="105" started-at="2018-02-14T14:13:29Z" finished-at="2018-02-14T14:13:29Z">
    <groups>
    </groups>
    <test name="Test" duration-ms="105" started-at="2018-02-14T14:13:29Z" finished-at="2018-02-14T14:13:29Z">
      <class name="MavenFirst.Maven.Second">
        <test-method status="PASS" signature="Test()[pri:0, instance:MavenFirst.Maven.Second@42d3bd8b]" name="Test" duration-ms="1" started-at="2018-02-14T19:43:29Z" finished-at="2018-02-14T19:43:29Z">
          <reporter-output>
          </reporter-output>
        </test-method> <!-- Test -->
      </class> <!-- MavenFirst.Maven.Second -->
      <class name="MavenFirst.Maven.First">
        <test-method status="PASS" signature="Test()[pri:0, instance:MavenFirst.Maven.First@60addb54]" name="Test" duration-ms="48" started-at="2018-02-14T19:43:29Z" finished-at="2018-02-14T19:43:29Z">
          <reporter-output>
          </reporter-output>
        </test-method> <!-- Test -->
      </class> <!-- MavenFirst.Maven.First -->
    </test> <!-- Test -->
  </suite> <!-- Suite -->
</testng-results>
